Removed Pin From Net: NetName=42V Pin=D1-2
Removed Pin From Net: NetName=24V Pin=D2-2
Removed Pin From Net: NetName=GND Pin=R1-1
Removed Pin From Net: NetName=Motor_Vout Pin=R2-2
Removed Pin From Net: NetName=GND Pin=R3-1
Removed Pin From Net: NetName=GND Pin=R4-1
Removed Pin From Net: NetName=DAQ_Vin Pin=U1-1
Removed Pin From Net: NetName=42V Pin=U1-2
Removed Pin From Net: NetName=Motor_Vout Pin=U1-5
Removed Member From Class: ClassName=main Member=D1
Removed Member From Class: ClassName=main Member=D2
Removed Member From Class: ClassName=main Member=R3
Removed Member From Class: ClassName=main Member=R4
Change Component Footprint: Designator=U1 Old Footprint=8-SOIC (0.154", 3.90mm Width) New Footprint=VREG_LM5017MR/NOPB
Change Component Footprint: Designator=R1 Old Footprint=RESC1608X55X25LL10T15 New Footprint=0603
Change Component Footprint: Designator=R2 Old Footprint=Thru Hole Resistor New Footprint=0603
Change Component Comment : Designator=R2 Old Comment=ALSR017K000JE12 New Comment=ERJ3EKF2051V
Change Component Comment : Designator=U1 Old Comment=MAX4080FASA+T New Comment=OPA445ADDAR
Change Component Comment : Designator=R1 Old Comment=RT0603BRE072KL New Comment=ERJ3EKF4021V
Change Managed Component Library Link : Designator=R1 Old VaultGUID=B7D15EC3-160A-466F-A46C-7801FE6295A7 New VaultGUID= Old ItemGUID=620F1D75-0CB3-4790-8A7F-DB3A9BD33DC9 New ItemGUID= Old RevisionGUID=C04A144E-4D2B-4E8B-8F31-A0CB494792C2 New RevisionGUID=
Change component parameters: Designator = "R1" ("R1"); Footprint = "RESC1608X55X25LL10T15"; UniqueID = "\IKKAMBVT" ("\IKKAMBVT")
Change component parameters: Designator = "R2" ("R2"); Footprint = "Thru Hole Resistor"; UniqueID = "\AMCEKSOO" ("\AMCEKSOO")
Change component parameters: Designator = "U1" ("U1"); Footprint = "8-SOIC (0.154", 3.90mm Width)"; UniqueID = "\PBGBWKVC" ("\PBGBWKVC")
Change component parameters (AddParameter): Name = "Availability"; Value = "Unavailable"; VariantName = "[No Variations]"
Change component parameters (AddParameter): Name = "MF"; Value = ""; VariantName = "[No Variations]"
Change component parameters (AddParameter): Name = "MP"; Value = "OPA445ADDAR"; VariantName = "[No Variations]"
Change component parameters (AddParameter): Name = "Package"; Value = "None"; VariantName = "[No Variations]"
Change component parameters (AddParameter): Name = "Price"; Value = "None"; VariantName = "[No Variations]"
Change component parameters (AddParameter): Name = "Value"; Value = ""; VariantName = "[No Variations]"
Added Component: Designator=C1(0603)
Added Pin To Net: NetName=42V Pin=C1-1
Added Pin To Net: NetName=GND Pin=C1-2
Added Pin To Net: NetName=Motor_Vout Pin=R1-2
Added Pin To Net: NetName=GND Pin=R2-1
Added Pin To Net: NetName=DAQ_Vin Pin=U1-3
Added Pin To Net: NetName=Motor_Vout Pin=U1-6
Added Pin To Net: NetName=42V Pin=U1-7
Added Pin To Net: NetName=GND Pin=U1-9
Added Pin To Net: NetName=NetR1_1 Pin=R1-1
Added Pin To Net: NetName=NetR1_1 Pin=R2-2
Added Pin To Net: NetName=NetR1_1 Pin=U1-2
Added Net: Name=NetR1_1
Added Member To Class: ClassName=main Member=Component C1 RF18N0R1B500CT
Added Room: Name=main
